<?xml version="1.0" encoding="UTF-8"?>
<!-- Generated by org.testng.reporters.JUnitReportReporter -->
<testsuite hostname="DESKTOP-AL8TCEQ" failures="0" tests="2" name="runner.LoginRunner" time="0.112" errors="0" timestamp="2023-08-24T08:14:08 IST" skipped="0">
  <testcase classname="runner.LoginRunner" name="runScenario" time="0.096"/>
  <system-out/>
  <testcase classname="runner.LoginRunner" name="runScenario" time="0.016"/>
  <system-out/>
</testsuite> <!-- runner.LoginRunner -->
